<?xml version="1.0" encoding="UTF-8"?>
<!-- Generated by org.testng.reporters.JUnitReportReporter -->
<testsuite hostname="Divya" failures="0" tests="1" name="UI.ValidateRegistration" time="11.277" errors="0" timestamp="2024-02-20T23:51:54 EST" skipped="0">
  <testcase classname="UI.ValidateRegistration" name="registrationForm" time="11.277"/>
  <system-out/>
</testsuite> <!-- UI.ValidateRegistration -->
