<?xml version="1.0" encoding="UTF-8"?>
<!-- Generated by org.testng.reporters.JUnitReportReporter -->
<testsuite hostname="Divya" failures="0" tests="1" name="UI.LoginPage" time="2.315" errors="0" timestamp="2024-02-20T12:13:49 EST" skipped="0">
  <testcase classname="UI.LoginPage" name="login" time="2.315"/>
  <system-out/>
</testsuite> <!-- UI.LoginPage -->
